<?xml version="1.0" encoding="UTF-8"?>
<testsuite xmlns:xsi="http://www.w3.org/2001/XMLSchema-instance" xsi:noNamespaceSchemaLocation="https://maven.apache.org/surefire/maven-surefire-plugin/xsd/surefire-test-report-3.0.xsd" version="3.0" name="com.excelR.ApplicationTests" time="4.328" tests="1" errors="0" skipped="0" failures="0">
  <properties>
[...]
</properties>
  <testcase name="contextLoads" classname="com.excelR.ApplicationTests" time="1.662">
    <system-out><![CDATA[09:07:31.325 [main] INFO org.springframework.test.context.support.AnnotationConfigContextLoaderUtils -- Could not detect default configuration classes for test class [com.excelR.ApplicationTests]: ApplicationTests does not declare any static, non-private, non-final, nested classes annotated with @Configuration.
09:07:31.477 [main] INFO org.springframework.boot.test.context.SpringBootTestContextBootstrapper -- Found @SpringBootConfiguration com.excelR.Application for test class com.excelR.ApplicationTests
  .   ____          _            __ _ _
 /\\ / ___'_ __ _ _(_)_ __  __ _ \ \ \ \
( ( )\___ | '_ | '_| | '_ \/ _` | \ \ \ \
 \\/  ___)| |_)| | | | | || (_| |  ) ) ) )
  '  |____| .__|_| |_|_| |_\__, | / / / /
 =========|_|==============|___/=/_/_/_/

 :: Spring Boot ::                (v3.3.0)

2024-06-03T09:07:32.120+05:30  INFO 15612 --- [1-SpringBootFirstExample] [           main] com.excelR.ApplicationTests              : Starting ApplicationTests using Java 17.0.11 with PID 15612 (started by ADMIN in E:\FSD practice\Spring Boot\1-SpringBootFirstExample)
2024-06-03T09:07:32.124+05:30  INFO 15612 --- [1-SpringBootFirstExample] [           main] com.excelR.ApplicationTests              : No active profile set, falling back to 1 default profile: "default"
2024-06-03T09:07:33.684+05:30  INFO 15612 --- [1-SpringBootFirstExample] [           main] com.excelR.ApplicationTests              : Started ApplicationTests in 1.936 seconds (process running for 3.664)
]]></system-out>
  </testcase>
</testsuite>